 2018-05-24 11:20:47,785 - INFO info here
 2018-05-24 11:23:10,891 - INFO info here
 2018-05-24 17:46:35,653 - DEBUG Starting new HTTP connection (1): www.baidu.com
 2018-05-24 17:46:35,712 - DEBUG http://www.baidu.com:80 "GET /?python HTTP/1.1" 200 None
 2018-05-24 17:49:38,027 - DEBUG Starting new HTTP connection (1): www.baidu.com
 2018-05-24 17:49:38,092 - DEBUG http://www.baidu.com:80 "GET /?python HTTP/1.1" 200 None
 2018-05-24 17:52:26,340 - DEBUG Starting new HTTP connection (1): www.baidu.com
 2018-05-24 17:52:26,405 - DEBUG http://www.baidu.com:80 "GET /?python HTTP/1.1" 200 None
 2018-05-24 17:57:25,699 - DEBUG Starting new HTTP connection (1): www.gutenberg.org
 2018-05-24 17:57:26,249 - DEBUG http://www.gutenberg.org:80 "GET /cache/epub/1112/pg1112.txt HTTP/1.1" 200 66050
 2018-06-08 16:22:33,734 - DEBUG Starting new HTTP connection (1): www.gutenberg.org
 2018-10-23 14:38:40,073 - DEBUG Starting new HTTP connection (1): sxtvideomp4.bj.bcebos.com
 2018-10-23 14:38:40,298 - DEBUG http://sxtvideomp4.bj.bcebos.com:80 "GET /%E6%89%80%E6%9C%89%E8%A7%86%E9%A2%91Mp4%E6%A0%BC%E5%BC%8F%2FJAVA300%E9%9B%862018%E7%89%88%2F02_%E9%9D%A2%E5%90%91%E5%AF%B9%E8%B1%A1%E5%9F%BA%E7%A1%80%2F063_%E4%B8%80%E4%B8%AA%E5%85%B8%E5%9E%8B%E7%B1%BB%E7%9A%84%E5%86%99%E6%B3%95%E5%92%8C%E8%B0%83%E7%94%A8_%E7%B1%BB%E7%9A%84UML%E5%9B%BE%E5%85%A5%E9%97%A8.mp4 HTTP/1.1" 200 44566659
 2018-10-23 14:41:37,819 - DEBUG Starting new HTTP connection (1): sxtvideomp4.bj.bcebos.com
 2018-10-23 14:41:37,976 - DEBUG http://sxtvideomp4.bj.bcebos.com:80 "GET /%E6%89%80%E6%9C%89%E8%A7%86%E9%A2%91Mp4%E6%A0%BC%E5%BC%8F%2FJAVA300%E9%9B%862018%E7%89%88%2F02_%E9%9D%A2%E5%90%91%E5%AF%B9%E8%B1%A1%E5%9F%BA%E7%A1%80%2F063_%E4%B8%80%E4%B8%AA%E5%85%B8%E5%9E%8B%E7%B1%BB%E7%9A%84%E5%86%99%E6%B3%95%E5%92%8C%E8%B0%83%E7%94%A8_%E7%B1%BB%E7%9A%84UML%E5%9B%BE%E5%85%A5%E9%97%A8.mp4 HTTP/1.1" 200 44566659
 2018-10-23 14:43:25,240 - DEBUG Starting new HTTP connection (1): sxtvideomp4.bj.bcebos.com
 2018-10-23 14:43:25,401 - DEBUG http://sxtvideomp4.bj.bcebos.com:80 "GET /%E6%89%80%E6%9C%89%E8%A7%86%E9%A2%91Mp4%E6%A0%BC%E5%BC%8F%2FJAVA300%E9%9B%862018%E7%89%88%2F02_%E9%9D%A2%E5%90%91%E5%AF%B9%E8%B1%A1%E5%9F%BA%E7%A1%80%2F063_%E4%B8%80%E4%B8%AA%E5%85%B8%E5%9E%8B%E7%B1%BB%E7%9A%84%E5%86%99%E6%B3%95%E5%92%8C%E8%B0%83%E7%94%A8_%E7%B1%BB%E7%9A%84UML%E5%9B%BE%E5%85%A5%E9%97%A8.mp4 HTTP/1.1" 200 44566659
 2018-10-23 14:45:15,186 - DEBUG Starting new HTTP connection (1): sxtvideomp4.bj.bcebos.com
 2018-10-23 14:45:15,344 - DEBUG http://sxtvideomp4.bj.bcebos.com:80 "GET /%E6%89%80%E6%9C%89%E8%A7%86%E9%A2%91Mp4%E6%A0%BC%E5%BC%8F%2FJAVA300%E9%9B%862018%E7%89%88%2F02_%E9%9D%A2%E5%90%91%E5%AF%B9%E8%B1%A1%E5%9F%BA%E7%A1%80%2F063_%E4%B8%80%E4%B8%AA%E5%85%B8%E5%9E%8B%E7%B1%BB%E7%9A%84%E5%86%99%E6%B3%95%E5%92%8C%E8%B0%83%E7%94%A8_%E7%B1%BB%E7%9A%84UML%E5%9B%BE%E5%85%A5%E9%97%A8.mp4 HTTP/1.1" 200 44566659
 2018-10-23 14:45:42,772 - DEBUG Starting new HTTP connection (1): sxtvideomp4.bj.bcebos.com
 2018-10-23 14:45:42,896 - DEBUG http://sxtvideomp4.bj.bcebos.com:80 "GET /%E6%89%80%E6%9C%89%E8%A7%86%E9%A2%91Mp4%E6%A0%BC%E5%BC%8F%2FJAVA300%E9%9B%862018%E7%89%88%2F02_%E9%9D%A2%E5%90%91%E5%AF%B9%E8%B1%A1%E5%9F%BA%E7%A1%80%2F063_%E4%B8%80%E4%B8%AA%E5%85%B8%E5%9E%8B%E7%B1%BB%E7%9A%84%E5%86%99%E6%B3%95%E5%92%8C%E8%B0%83%E7%94%A8_%E7%B1%BB%E7%9A%84UML%E5%9B%BE%E5%85%A5%E9%97%A8.mp4 HTTP/1.1" 200 44566659
 2018-10-23 14:50:14,167 - DEBUG Starting new HTTP connection (1): sxtvideomp4.bj.bcebos.com
 2018-10-23 14:50:14,359 - DEBUG http://sxtvideomp4.bj.bcebos.com:80 "GET /%E6%89%80%E6%9C%89%E8%A7%86%E9%A2%91Mp4%E6%A0%BC%E5%BC%8F%2FJAVA300%E9%9B%862018%E7%89%88%2F02_%E9%9D%A2%E5%90%91%E5%AF%B9%E8%B1%A1%E5%9F%BA%E7%A1%80%2F063_%E4%B8%80%E4%B8%AA%E5%85%B8%E5%9E%8B%E7%B1%BB%E7%9A%84%E5%86%99%E6%B3%95%E5%92%8C%E8%B0%83%E7%94%A8_%E7%B1%BB%E7%9A%84UML%E5%9B%BE%E5%85%A5%E9%97%A8.mp4 HTTP/1.1" 200 44566659
 2018-10-23 14:52:33,982 - DEBUG Starting new HTTP connection (1): sxtvideomp4.bj.bcebos.com
 2018-10-23 14:52:34,171 - DEBUG http://sxtvideomp4.bj.bcebos.com:80 "GET /%E6%89%80%E6%9C%89%E8%A7%86%E9%A2%91Mp4%E6%A0%BC%E5%BC%8F%2FJAVA300%E9%9B%862018%E7%89%88%2F02_%E9%9D%A2%E5%90%91%E5%AF%B9%E8%B1%A1%E5%9F%BA%E7%A1%80%2F063_%E4%B8%80%E4%B8%AA%E5%85%B8%E5%9E%8B%E7%B1%BB%E7%9A%84%E5%86%99%E6%B3%95%E5%92%8C%E8%B0%83%E7%94%A8_%E7%B1%BB%E7%9A%84UML%E5%9B%BE%E5%85%A5%E9%97%A8.mp4 HTTP/1.1" 200 44566659
 2018-10-23 15:01:18,852 - DEBUG Starting new HTTP connection (1): sxtvideomp4.bj.bcebos.com
 2018-10-23 15:01:19,034 - DEBUG http://sxtvideomp4.bj.bcebos.com:80 "GET /%E6%89%80%E6%9C%89%E8%A7%86%E9%A2%91Mp4%E6%A0%BC%E5%BC%8F%2FJAVA300%E9%9B%862018%E7%89%88%2F02_%E9%9D%A2%E5%90%91%E5%AF%B9%E8%B1%A1%E5%9F%BA%E7%A1%80%2F063_%E4%B8%80%E4%B8%AA%E5%85%B8%E5%9E%8B%E7%B1%BB%E7%9A%84%E5%86%99%E6%B3%95%E5%92%8C%E8%B0%83%E7%94%A8_%E7%B1%BB%E7%9A%84UML%E5%9B%BE%E5%85%A5%E9%97%A8.mp4 HTTP/1.1" 200 44566659
 2018-10-23 15:17:23,147 - DEBUG Starting new HTTP connection (1): sxtvideomp4.bj.bcebos.com
 2018-10-23 15:17:23,304 - DEBUG http://sxtvideomp4.bj.bcebos.com:80 "GET /%E6%89%80%E6%9C%89%E8%A7%86%E9%A2%91Mp4%E6%A0%BC%E5%BC%8F%2FJAVA300%E9%9B%862018%E7%89%88%2F02_%E9%9D%A2%E5%90%91%E5%AF%B9%E8%B1%A1%E5%9F%BA%E7%A1%80%2F070_%E9%9D%99%E6%80%81%E5%88%9D%E5%A7%8B%E5%8C%96%E5%9D%97_%E7%BB%A7%E6%89%BF%E6%A0%91%E7%9A%84%E8%BF%BD%E6%BA%AF.mp4 HTTP/1.1" 200 19891949
 2018-10-23 15:20:17,010 - DEBUG Starting new HTTP connection (1): sxtvideomp4.bj.bcebos.com
 2018-10-23 15:20:17,175 - DEBUG http://sxtvideomp4.bj.bcebos.com:80 "GET /%E6%89%80%E6%9C%89%E8%A7%86%E9%A2%91Mp4%E6%A0%BC%E5%BC%8F%2FJAVA300%E9%9B%862018%E7%89%88%2F02_%E9%9D%A2%E5%90%91%E5%AF%B9%E8%B1%A1%E5%9F%BA%E7%A1%80%2F070_%E9%9D%99%E6%80%81%E5%88%9D%E5%A7%8B%E5%8C%96%E5%9D%97_%E7%BB%A7%E6%89%BF%E6%A0%91%E7%9A%84%E8%BF%BD%E6%BA%AF.mp4 HTTP/1.1" 200 19891949
 2018-10-23 15:23:57,864 - DEBUG Starting new HTTP connection (1): sxtvideomp4.bj.bcebos.com
 2018-10-23 15:23:58,006 - DEBUG http://sxtvideomp4.bj.bcebos.com:80 "GET /%E6%89%80%E6%9C%89%E8%A7%86%E9%A2%91Mp4%E6%A0%BC%E5%BC%8F%2FJAVA300%E9%9B%862018%E7%89%88%2F02_%E9%9D%A2%E5%90%91%E5%AF%B9%E8%B1%A1%E5%9F%BA%E7%A1%80%2F070_%E9%9D%99%E6%80%81%E5%88%9D%E5%A7%8B%E5%8C%96%E5%9D%97_%E7%BB%A7%E6%89%BF%E6%A0%91%E7%9A%84%E8%BF%BD%E6%BA%AF.mp4 HTTP/1.1" 200 19891949
